<?xml version="1.0" encoding="UTF-8"?>
<!-- Generated by org.testng.reporters.JUnitXMLReporter -->
<testsuite hostname="LAPTOP-QRRNDLCL" ignored="0" name="Test" tests="5" failures="1" timestamp="20 Mar 2018 04:45:43 GMT" time="25.986" errors="0">
  <testcase name="launchFlightReservationApplication" time="5.173" classname="testcases.ExecuteTestThroughTestNG"/>
  <testcase name="loginToFlightReservation" time="7.974" classname="testcases.ExecuteTestThroughTestNG"/>
  <testcase name="bookATicket" time="6.544" classname="testcases.ExecuteTestThroughTestNG"/>
  <testcase name="testFail" time="0.005" classname="testcases.ExecuteTestThroughTestNG">
    <failure type="java.lang.AssertionError" message="expected [true] but found [false]">
      <![CDATA[java.lang.AssertionError: expected [true] but found [false]
at testcases.ExecuteTestThroughTestNG.testFail(ExecuteTestThroughTestNG.java:167)
... Removed 29 stack frames]]>
    </failure>
  </testcase> <!-- testFail -->
  <testcase name="testSkip" time="0.007" classname="testcases.ExecuteTestThroughTestNG">
    <skipped/>
  </testcase> <!-- testSkip -->
</testsuite> <!-- Test -->
